<?xml version="1.0" encoding="UTF-8"?>
<!-- Generated by org.testng.reporters.JUnitReportReporter -->
<testsuite skipped="0" hostname="DESKTOP-RQTABIO" name="FirstTest" tests="3" failures="0" timestamp="2021-11-09T11:41:12 MSK" time="0.007" errors="0">
  <testcase name="simpleTest" time="0.001" classname="FirstTest"/>
  <system-out/>
  <testcase name="testNull" time="0.000" classname="FirstTest"/>
  <system-out/>
  <testcase name="emptyStrTest" time="0.006" classname="FirstTest"/>
  <system-out/>
</testsuite> <!-- FirstTest -->
