<?xml version="1.0" encoding="UTF-8"?>
<!-- Generated by org.testng.reporters.JUnitReportReporter -->
<testsuite skipped="1" hostname="DESKTOP-RQTABIO" name="FirstTest" tests="4" failures="0" timestamp="2021-11-09T17:47:38 MSK" time="0.006" errors="0">
  <testcase name="simpleTest" time="0.002" classname="FirstTest"/>
  <system-out/>
  <testcase name="testNull" time="0.000" classname="FirstTest"/>
  <system-out/>
  <testcase name="errorTest" time="0.004" classname="FirstTest"/>
  <system-out/>
  <testcase name="emptyStrTest" classname="FirstTest">
    <skipped/>
  </testcase> <!-- emptyStrTest -->
  <system-out/>
</testsuite> <!-- FirstTest -->
